<?xml version="1.0" encoding="UTF-8"?>
<testng-results skipped="0" failed="0" ignored="0" total="1" passed="1">
  <reporter-output>
  </reporter-output>
  <suite name="Default suite" duration-ms="9317" started-at="2021-11-21T19:50:13Z" finished-at="2021-11-21T19:50:23Z">
    <groups>
    </groups>
    <test name="Default test" duration-ms="9317" started-at="2021-11-21T19:50:13Z" finished-at="2021-11-21T19:50:23Z">
      <class name="test.LoginTest">
        <test-method status="PASS" signature="validUserShouldBeAbleToLoginTest()[pri:0, instance:test.LoginTest@2a5ca609]" name="validUserShouldBeAbleToLoginTest" duration-ms="9252" started-at="2021-11-21T19:50:14Z" finished-at="2021-11-21T19:50:23Z">
          <reporter-output>
          </reporter-output>
        </test-method> <!-- validUserShouldBeAbleToLoginTest -->
      </class> <!-- test.LoginTest -->
    </test> <!-- Default test -->
  </suite> <!-- Default suite -->
</testng-results>
